<?xml version="1.0" encoding="UTF-8"?>
<!-- Generated by org.testng.reporters.JUnitXMLReporter -->
<testsuite ignored="0" hostname="DESKTOP-JSLH211" failures="32" tests="32" name="Default test" time="3.675" errors="0" timestamp="2023-10-26T17:44:33 CDT">
  <testcase classname="io.cucumber.testng.AbstractTestNGCucumberTests" name="runScenario" time="0.267">
    <failure type="java.io.FileNotFoundException" message="C:\Users\amitf\eclipse-workspace\Ds-algo\src\test\java\stepdefinition\ConfigProperties.properties (The system cannot find the file specified)">
      <![CDATA[java.io.FileNotFoundException: C:\Users\amitf\eclipse-workspace\Ds-algo\src\test\java\stepdefinition\ConfigProperties.properties (The system cannot find the file specified)
at java.base/java.io.FileInputStream.open0(Native Method)
at java.base/java.io.FileInputStream.open(FileInputStream.java:216)
at java.base/java.io.FileInputStream.<init>(FileInputStream.java:157)
at java.base/java.io.FileInputStream.<init>(FileInputStream.java:111)
at stepdefinition.Hooks.driversetup(Hooks.java:35)
]]>
    </failure>
  </testcase> <!-- runScenario -->
  <testcase classname="io.cucumber.testng.AbstractTestNGCucumberTests" name="runScenario" time="0.149">
    <failure type="java.io.FileNotFoundException" message="C:\Users\amitf\eclipse-workspace\Ds-algo\src\test\java\stepdefinition\ConfigProperties.properties (The system cannot find the file specified)">
      <![CDATA[java.io.FileNotFoundException: C:\Users\amitf\eclipse-workspace\Ds-algo\src\test\java\stepdefinition\ConfigProperties.properties (The system cannot find the file specified)
at java.base/java.io.FileInputStream.open0(Native Method)
at java.base/java.io.FileInputStream.open(FileInputStream.java:216)
at java.base/java.io.FileInputStream.<init>(FileInputStream.java:157)
at java.base/java.io.FileInputStream.<init>(FileInputStream.java:111)
at stepdefinition.Hooks.driversetup(Hooks.java:35)
]]>
    </failure>
  </testcase> <!-- runScenario -->
  <testcase classname="io.cucumber.testng.AbstractTestNGCucumberTests" name="runScenario" time="0.097">
    <failure type="java.io.FileNotFoundException" message="C:\Users\amitf\eclipse-workspace\Ds-algo\src\test\java\stepdefinition\ConfigProperties.properties (The system cannot find the file specified)">
      <![CDATA[java.io.FileNotFoundException: C:\Users\amitf\eclipse-workspace\Ds-algo\src\test\java\stepdefinition\ConfigProperties.properties (The system cannot find the file specified)
at java.base/java.io.FileInputStream.open0(Native Method)
at java.base/java.io.FileInputStream.open(FileInputStream.java:216)
at java.base/java.io.FileInputStream.<init>(FileInputStream.java:157)
at java.base/java.io.FileInputStream.<init>(FileInputStream.java:111)
at stepdefinition.Hooks.driversetup(Hooks.java:35)
]]>
    </failure>
  </testcase> <!-- runScenario -->
  <testcase classname="io.cucumber.testng.AbstractTestNGCucumberTests" name="runScenario" time="0.103">
    <failure type="java.io.FileNotFoundException" message="C:\Users\amitf\eclipse-workspace\Ds-algo\src\test\java\stepdefinition\ConfigProperties.properties (The system cannot find the file specified)">
      <![CDATA[java.io.FileNotFoundException: C:\Users\amitf\eclipse-workspace\Ds-algo\src\test\java\stepdefinition\ConfigProperties.properties (The system cannot find the file specified)
at java.base/java.io.FileInputStream.open0(Native Method)
at java.base/java.io.FileInputStream.open(FileInputStream.java:216)
at java.base/java.io.FileInputStream.<init>(FileInputStream.java:157)
at java.base/java.io.FileInputStream.<init>(FileInputStream.java:111)
at stepdefinition.Hooks.driversetup(Hooks.java:35)
]]>
    </failure>
  </testcase> <!-- runScenario -->
  <testcase classname="io.cucumber.testng.AbstractTestNGCucumberTests" name="runScenario" time="0.059">
    <failure type="java.io.FileNotFoundException" message="C:\Users\amitf\eclipse-workspace\Ds-algo\src\test\java\stepdefinition\ConfigProperties.properties (The system cannot find the file specified)">
      <![CDATA[java.io.FileNotFoundException: C:\Users\amitf\eclipse-workspace\Ds-algo\src\test\java\stepdefinition\ConfigProperties.properties (The system cannot find the file specified)
at java.base/java.io.FileInputStream.open0(Native Method)
at java.base/java.io.FileInputStream.open(FileInputStream.java:216)
at java.base/java.io.FileInputStream.<init>(FileInputStream.java:157)
at java.base/java.io.FileInputStream.<init>(FileInputStream.java:111)
at stepdefinition.Hooks.driversetup(Hooks.java:35)
]]>
    </failure>
  </testcase> <!-- runScenario -->
  <testcase classname="io.cucumber.testng.AbstractTestNGCucumberTests" name="runScenario" time="0.09">
    <failure type="java.io.FileNotFoundException" message="C:\Users\amitf\eclipse-workspace\Ds-algo\src\test\java\stepdefinition\ConfigProperties.properties (The system cannot find the file specified)">
      <![CDATA[java.io.FileNotFoundException: C:\Users\amitf\eclipse-workspace\Ds-algo\src\test\java\stepdefinition\ConfigProperties.properties (The system cannot find the file specified)
at java.base/java.io.FileInputStream.open0(Native Method)
at java.base/java.io.FileInputStream.open(FileInputStream.java:216)
at java.base/java.io.FileInputStream.<init>(FileInputStream.java:157)
at java.base/java.io.FileInputStream.<init>(FileInputStream.java:111)
at stepdefinition.Hooks.driversetup(Hooks.java:35)
]]>
    </failure>
  </testcase> <!-- runScenario -->
  <testcase classname="io.cucumber.testng.AbstractTestNGCucumberTests" name="runScenario" time="0.042">
    <failure type="java.io.FileNotFoundException" message="C:\Users\amitf\eclipse-workspace\Ds-algo\src\test\java\stepdefinition\ConfigProperties.properties (The system cannot find the file specified)">
      <![CDATA[java.io.FileNotFoundException: C:\Users\amitf\eclipse-workspace\Ds-algo\src\test\java\stepdefinition\ConfigProperties.properties (The system cannot find the file specified)
at java.base/java.io.FileInputStream.open0(Native Method)
at java.base/java.io.FileInputStream.open(FileInputStream.java:216)
at java.base/java.io.FileInputStream.<init>(FileInputStream.java:157)
at java.base/java.io.FileInputStream.<init>(FileInputStream.java:111)
at stepdefinition.Hooks.driversetup(Hooks.java:35)
]]>
    </failure>
  </testcase> <!-- runScenario -->
  <testcase classname="io.cucumber.testng.AbstractTestNGCucumberTests" name="runScenario" time="0.049">
    <failure type="java.io.FileNotFoundException" message="C:\Users\amitf\eclipse-workspace\Ds-algo\src\test\java\stepdefinition\ConfigProperties.properties (The system cannot find the file specified)">
      <![CDATA[java.io.FileNotFoundException: C:\Users\amitf\eclipse-workspace\Ds-algo\src\test\java\stepdefinition\ConfigProperties.properties (The system cannot find the file specified)
at java.base/java.io.FileInputStream.open0(Native Method)
at java.base/java.io.FileInputStream.open(FileInputStream.java:216)
at java.base/java.io.FileInputStream.<init>(FileInputStream.java:157)
at java.base/java.io.FileInputStream.<init>(FileInputStream.java:111)
at stepdefinition.Hooks.driversetup(Hooks.java:35)
]]>
    </failure>
  </testcase> <!-- runScenario -->
  <testcase classname="io.cucumber.testng.AbstractTestNGCucumberTests" name="runScenario" time="0.066">
    <failure type="java.io.FileNotFoundException" message="C:\Users\amitf\eclipse-workspace\Ds-algo\src\test\java\stepdefinition\ConfigProperties.properties (The system cannot find the file specified)">
      <![CDATA[java.io.FileNotFoundException: C:\Users\amitf\eclipse-workspace\Ds-algo\src\test\java\stepdefinition\ConfigProperties.properties (The system cannot find the file specified)
at java.base/java.io.FileInputStream.open0(Native Method)
at java.base/java.io.FileInputStream.open(FileInputStream.java:216)
at java.base/java.io.FileInputStream.<init>(FileInputStream.java:157)
at java.base/java.io.FileInputStream.<init>(FileInputStream.java:111)
at stepdefinition.Hooks.driversetup(Hooks.java:35)
]]>
    </failure>
  </testcase> <!-- runScenario -->
  <testcase classname="io.cucumber.testng.AbstractTestNGCucumberTests" name="runScenario" time="0.041">
    <failure type="java.io.FileNotFoundException" message="C:\Users\amitf\eclipse-workspace\Ds-algo\src\test\java\stepdefinition\ConfigProperties.properties (The system cannot find the file specified)">
      <![CDATA[java.io.FileNotFoundException: C:\Users\amitf\eclipse-workspace\Ds-algo\src\test\java\stepdefinition\ConfigProperties.properties (The system cannot find the file specified)
at java.base/java.io.FileInputStream.open0(Native Method)
at java.base/java.io.FileInputStream.open(FileInputStream.java:216)
at java.base/java.io.FileInputStream.<init>(FileInputStream.java:157)
at java.base/java.io.FileInputStream.<init>(FileInputStream.java:111)
at stepdefinition.Hooks.driversetup(Hooks.java:35)
]]>
    </failure>
  </testcase> <!-- runScenario -->
  <testcase classname="io.cucumber.testng.AbstractTestNGCucumberTests" name="runScenario" time="0.057">
    <failure type="java.io.FileNotFoundException" message="C:\Users\amitf\eclipse-workspace\Ds-algo\src\test\java\stepdefinition\ConfigProperties.properties (The system cannot find the file specified)">
      <![CDATA[java.io.FileNotFoundException: C:\Users\amitf\eclipse-workspace\Ds-algo\src\test\java\stepdefinition\ConfigProperties.properties (The system cannot find the file specified)
at java.base/java.io.FileInputStream.open0(Native Method)
at java.base/java.io.FileInputStream.open(FileInputStream.java:216)
at java.base/java.io.FileInputStream.<init>(FileInputStream.java:157)
at java.base/java.io.FileInputStream.<init>(FileInputStream.java:111)
at stepdefinition.Hooks.driversetup(Hooks.java:35)
]]>
    </failure>
  </testcase> <!-- runScenario -->
  <testcase classname="io.cucumber.testng.AbstractTestNGCucumberTests" name="runScenario" time="0.17">
    <failure type="java.io.FileNotFoundException" message="C:\Users\amitf\eclipse-workspace\Ds-algo\src\test\java\stepdefinition\ConfigProperties.properties (The system cannot find the file specified)">
      <![CDATA[java.io.FileNotFoundException: C:\Users\amitf\eclipse-workspace\Ds-algo\src\test\java\stepdefinition\ConfigProperties.properties (The system cannot find the file specified)
at java.base/java.io.FileInputStream.open0(Native Method)
at java.base/java.io.FileInputStream.open(FileInputStream.java:216)
at java.base/java.io.FileInputStream.<init>(FileInputStream.java:157)
at java.base/java.io.FileInputStream.<init>(FileInputStream.java:111)
at stepdefinition.Hooks.driversetup(Hooks.java:35)
]]>
    </failure>
  </testcase> <!-- runScenario -->
  <testcase classname="io.cucumber.testng.AbstractTestNGCucumberTests" name="runScenario" time="0.051">
    <failure type="java.io.FileNotFoundException" message="C:\Users\amitf\eclipse-workspace\Ds-algo\src\test\java\stepdefinition\ConfigProperties.properties (The system cannot find the file specified)">
      <![CDATA[java.io.FileNotFoundException: C:\Users\amitf\eclipse-workspace\Ds-algo\src\test\java\stepdefinition\ConfigProperties.properties (The system cannot find the file specified)
at java.base/java.io.FileInputStream.open0(Native Method)
at java.base/java.io.FileInputStream.open(FileInputStream.java:216)
at java.base/java.io.FileInputStream.<init>(FileInputStream.java:157)
at java.base/java.io.FileInputStream.<init>(FileInputStream.java:111)
at stepdefinition.Hooks.driversetup(Hooks.java:35)
]]>
    </failure>
  </testcase> <!-- runScenario -->
  <testcase classname="io.cucumber.testng.AbstractTestNGCucumberTests" name="runScenario" time="0.026">
    <failure type="java.io.FileNotFoundException" message="C:\Users\amitf\eclipse-workspace\Ds-algo\src\test\java\stepdefinition\ConfigProperties.properties (The system cannot find the file specified)">
      <![CDATA[java.io.FileNotFoundException: C:\Users\amitf\eclipse-workspace\Ds-algo\src\test\java\stepdefinition\ConfigProperties.properties (The system cannot find the file specified)
at java.base/java.io.FileInputStream.open0(Native Method)
at java.base/java.io.FileInputStream.open(FileInputStream.java:216)
at java.base/java.io.FileInputStream.<init>(FileInputStream.java:157)
at java.base/java.io.FileInputStream.<init>(FileInputStream.java:111)
at stepdefinition.Hooks.driversetup(Hooks.java:35)
]]>
    </failure>
  </testcase> <!-- runScenario -->
  <testcase classname="io.cucumber.testng.AbstractTestNGCucumberTests" name="runScenario" time="0.067">
    <failure type="java.io.FileNotFoundException" message="C:\Users\amitf\eclipse-workspace\Ds-algo\src\test\java\stepdefinition\ConfigProperties.properties (The system cannot find the file specified)">
      <![CDATA[java.io.FileNotFoundException: C:\Users\amitf\eclipse-workspace\Ds-algo\src\test\java\stepdefinition\ConfigProperties.properties (The system cannot find the file specified)
at java.base/java.io.FileInputStream.open0(Native Method)
at java.base/java.io.FileInputStream.open(FileInputStream.java:216)
at java.base/java.io.FileInputStream.<init>(FileInputStream.java:157)
at java.base/java.io.FileInputStream.<init>(FileInputStream.java:111)
at stepdefinition.Hooks.driversetup(Hooks.java:35)
]]>
    </failure>
  </testcase> <!-- runScenario -->
  <testcase classname="io.cucumber.testng.AbstractTestNGCucumberTests" name="runScenario" time="0.082">
    <failure type="java.io.FileNotFoundException" message="C:\Users\amitf\eclipse-workspace\Ds-algo\src\test\java\stepdefinition\ConfigProperties.properties (The system cannot find the file specified)">
      <![CDATA[java.io.FileNotFoundException: C:\Users\amitf\eclipse-workspace\Ds-algo\src\test\java\stepdefinition\ConfigProperties.properties (The system cannot find the file specified)
at java.base/java.io.FileInputStream.open0(Native Method)
at java.base/java.io.FileInputStream.open(FileInputStream.java:216)
at java.base/java.io.FileInputStream.<init>(FileInputStream.java:157)
at java.base/java.io.FileInputStream.<init>(FileInputStream.java:111)
at stepdefinition.Hooks.driversetup(Hooks.java:35)
]]>
    </failure>
  </testcase> <!-- runScenario -->
  <testcase classname="io.cucumber.testng.AbstractTestNGCucumberTests" name="runScenario" time="0.035">
    <failure type="java.io.FileNotFoundException" message="C:\Users\amitf\eclipse-workspace\Ds-algo\src\test\java\stepdefinition\ConfigProperties.properties (The system cannot find the file specified)">
      <![CDATA[java.io.FileNotFoundException: C:\Users\amitf\eclipse-workspace\Ds-algo\src\test\java\stepdefinition\ConfigProperties.properties (The system cannot find the file specified)
at java.base/java.io.FileInputStream.open0(Native Method)
at java.base/java.io.FileInputStream.open(FileInputStream.java:216)
at java.base/java.io.FileInputStream.<init>(FileInputStream.java:157)
at java.base/java.io.FileInputStream.<init>(FileInputStream.java:111)
at stepdefinition.Hooks.driversetup(Hooks.java:35)
]]>
    </failure>
  </testcase> <!-- runScenario -->
  <testcase classname="io.cucumber.testng.AbstractTestNGCucumberTests" name="runScenario" time="0.039">
    <failure type="java.io.FileNotFoundException" message="C:\Users\amitf\eclipse-workspace\Ds-algo\src\test\java\stepdefinition\ConfigProperties.properties (The system cannot find the file specified)">
      <![CDATA[java.io.FileNotFoundException: C:\Users\amitf\eclipse-workspace\Ds-algo\src\test\java\stepdefinition\ConfigProperties.properties (The system cannot find the file specified)
at java.base/java.io.FileInputStream.open0(Native Method)
at java.base/java.io.FileInputStream.open(FileInputStream.java:216)
at java.base/java.io.FileInputStream.<init>(FileInputStream.java:157)
at java.base/java.io.FileInputStream.<init>(FileInputStream.java:111)
at stepdefinition.Hooks.driversetup(Hooks.java:35)
]]>
    </failure>
  </testcase> <!-- runScenario -->
  <testcase classname="io.cucumber.testng.AbstractTestNGCucumberTests" name="runScenario" time="0.111">
    <failure type="java.io.FileNotFoundException" message="C:\Users\amitf\eclipse-workspace\Ds-algo\src\test\java\stepdefinition\ConfigProperties.properties (The system cannot find the file specified)">
      <![CDATA[java.io.FileNotFoundException: C:\Users\amitf\eclipse-workspace\Ds-algo\src\test\java\stepdefinition\ConfigProperties.properties (The system cannot find the file specified)
at java.base/java.io.FileInputStream.open0(Native Method)
at java.base/java.io.FileInputStream.open(FileInputStream.java:216)
at java.base/java.io.FileInputStream.<init>(FileInputStream.java:157)
at java.base/java.io.FileInputStream.<init>(FileInputStream.java:111)
at stepdefinition.Hooks.driversetup(Hooks.java:35)
]]>
    </failure>
  </testcase> <!-- runScenario -->
  <testcase classname="io.cucumber.testng.AbstractTestNGCucumberTests" name="runScenario" time="0.069">
    <failure type="java.io.FileNotFoundException" message="C:\Users\amitf\eclipse-workspace\Ds-algo\src\test\java\stepdefinition\ConfigProperties.properties (The system cannot find the file specified)">
      <![CDATA[java.io.FileNotFoundException: C:\Users\amitf\eclipse-workspace\Ds-algo\src\test\java\stepdefinition\ConfigProperties.properties (The system cannot find the file specified)
at java.base/java.io.FileInputStream.open0(Native Method)
at java.base/java.io.FileInputStream.open(FileInputStream.java:216)
at java.base/java.io.FileInputStream.<init>(FileInputStream.java:157)
at java.base/java.io.FileInputStream.<init>(FileInputStream.java:111)
at stepdefinition.Hooks.driversetup(Hooks.java:35)
]]>
    </failure>
  </testcase> <!-- runScenario -->
  <testcase classname="io.cucumber.testng.AbstractTestNGCucumberTests" name="runScenario" time="0.02">
    <failure type="java.io.FileNotFoundException" message="C:\Users\amitf\eclipse-workspace\Ds-algo\src\test\java\stepdefinition\ConfigProperties.properties (The system cannot find the file specified)">
      <![CDATA[java.io.FileNotFoundException: C:\Users\amitf\eclipse-workspace\Ds-algo\src\test\java\stepdefinition\ConfigProperties.properties (The system cannot find the file specified)
at java.base/java.io.FileInputStream.open0(Native Method)
at java.base/java.io.FileInputStream.open(FileInputStream.java:216)
at java.base/java.io.FileInputStream.<init>(FileInputStream.java:157)
at java.base/java.io.FileInputStream.<init>(FileInputStream.java:111)
at stepdefinition.Hooks.driversetup(Hooks.java:35)
]]>
    </failure>
  </testcase> <!-- runScenario -->
  <testcase classname="io.cucumber.testng.AbstractTestNGCucumberTests" name="runScenario" time="0.033">
    <failure type="java.io.FileNotFoundException" message="C:\Users\amitf\eclipse-workspace\Ds-algo\src\test\java\stepdefinition\ConfigProperties.properties (The system cannot find the file specified)">
      <![CDATA[java.io.FileNotFoundException: C:\Users\amitf\eclipse-workspace\Ds-algo\src\test\java\stepdefinition\ConfigProperties.properties (The system cannot find the file specified)
at java.base/java.io.FileInputStream.open0(Native Method)
at java.base/java.io.FileInputStream.open(FileInputStream.java:216)
at java.base/java.io.FileInputStream.<init>(FileInputStream.java:157)
at java.base/java.io.FileInputStream.<init>(FileInputStream.java:111)
at stepdefinition.Hooks.driversetup(Hooks.java:35)
]]>
    </failure>
  </testcase> <!-- runScenario -->
  <testcase classname="io.cucumber.testng.AbstractTestNGCucumberTests" name="runScenario" time="0.058">
    <failure type="java.io.FileNotFoundException" message="C:\Users\amitf\eclipse-workspace\Ds-algo\src\test\java\stepdefinition\ConfigProperties.properties (The system cannot find the file specified)">
      <![CDATA[java.io.FileNotFoundException: C:\Users\amitf\eclipse-workspace\Ds-algo\src\test\java\stepdefinition\ConfigProperties.properties (The system cannot find the file specified)
at java.base/java.io.FileInputStream.open0(Native Method)
at java.base/java.io.FileInputStream.open(FileInputStream.java:216)
at java.base/java.io.FileInputStream.<init>(FileInputStream.java:157)
at java.base/java.io.FileInputStream.<init>(FileInputStream.java:111)
at stepdefinition.Hooks.driversetup(Hooks.java:35)
]]>
    </failure>
  </testcase> <!-- runScenario -->
  <testcase classname="io.cucumber.testng.AbstractTestNGCucumberTests" name="runScenario" time="0.025">
    <failure type="java.io.FileNotFoundException" message="C:\Users\amitf\eclipse-workspace\Ds-algo\src\test\java\stepdefinition\ConfigProperties.properties (The system cannot find the file specified)">
      <![CDATA[java.io.FileNotFoundException: C:\Users\amitf\eclipse-workspace\Ds-algo\src\test\java\stepdefinition\ConfigProperties.properties (The system cannot find the file specified)
at java.base/java.io.FileInputStream.open0(Native Method)
at java.base/java.io.FileInputStream.open(FileInputStream.java:216)
at java.base/java.io.FileInputStream.<init>(FileInputStream.java:157)
at java.base/java.io.FileInputStream.<init>(FileInputStream.java:111)
at stepdefinition.Hooks.driversetup(Hooks.java:35)
]]>
    </failure>
  </testcase> <!-- runScenario -->
  <testcase classname="io.cucumber.testng.AbstractTestNGCucumberTests" name="runScenario" time="0.035">
    <failure type="java.io.FileNotFoundException" message="C:\Users\amitf\eclipse-workspace\Ds-algo\src\test\java\stepdefinition\ConfigProperties.properties (The system cannot find the file specified)">
      <![CDATA[java.io.FileNotFoundException: C:\Users\amitf\eclipse-workspace\Ds-algo\src\test\java\stepdefinition\ConfigProperties.properties (The system cannot find the file specified)
at java.base/java.io.FileInputStream.open0(Native Method)
at java.base/java.io.FileInputStream.open(FileInputStream.java:216)
at java.base/java.io.FileInputStream.<init>(FileInputStream.java:157)
at java.base/java.io.FileInputStream.<init>(FileInputStream.java:111)
at stepdefinition.Hooks.driversetup(Hooks.java:35)
]]>
    </failure>
  </testcase> <!-- runScenario -->
  <testcase classname="io.cucumber.testng.AbstractTestNGCucumberTests" name="runScenario" time="0.046">
    <failure type="java.io.FileNotFoundException" message="C:\Users\amitf\eclipse-workspace\Ds-algo\src\test\java\stepdefinition\ConfigProperties.properties (The system cannot find the file specified)">
      <![CDATA[java.io.FileNotFoundException: C:\Users\amitf\eclipse-workspace\Ds-algo\src\test\java\stepdefinition\ConfigProperties.properties (The system cannot find the file specified)
at java.base/java.io.FileInputStream.open0(Native Method)
at java.base/java.io.FileInputStream.open(FileInputStream.java:216)
at java.base/java.io.FileInputStream.<init>(FileInputStream.java:157)
at java.base/java.io.FileInputStream.<init>(FileInputStream.java:111)
at stepdefinition.Hooks.driversetup(Hooks.java:35)
]]>
    </failure>
  </testcase> <!-- runScenario -->
  <testcase classname="io.cucumber.testng.AbstractTestNGCucumberTests" name="runScenario" time="0.041">
    <failure type="java.io.FileNotFoundException" message="C:\Users\amitf\eclipse-workspace\Ds-algo\src\test\java\stepdefinition\ConfigProperties.properties (The system cannot find the file specified)">
      <![CDATA[java.io.FileNotFoundException: C:\Users\amitf\eclipse-workspace\Ds-algo\src\test\java\stepdefinition\ConfigProperties.properties (The system cannot find the file specified)
at java.base/java.io.FileInputStream.open0(Native Method)
at java.base/java.io.FileInputStream.open(FileInputStream.java:216)
at java.base/java.io.FileInputStream.<init>(FileInputStream.java:157)
at java.base/java.io.FileInputStream.<init>(FileInputStream.java:111)
at stepdefinition.Hooks.driversetup(Hooks.java:35)
]]>
    </failure>
  </testcase> <!-- runScenario -->
  <testcase classname="io.cucumber.testng.AbstractTestNGCucumberTests" name="runScenario" time="0.025">
    <failure type="java.io.FileNotFoundException" message="C:\Users\amitf\eclipse-workspace\Ds-algo\src\test\java\stepdefinition\ConfigProperties.properties (The system cannot find the file specified)">
      <![CDATA[java.io.FileNotFoundException: C:\Users\amitf\eclipse-workspace\Ds-algo\src\test\java\stepdefinition\ConfigProperties.properties (The system cannot find the file specified)
at java.base/java.io.FileInputStream.open0(Native Method)
at java.base/java.io.FileInputStream.open(FileInputStream.java:216)
at java.base/java.io.FileInputStream.<init>(FileInputStream.java:157)
at java.base/java.io.FileInputStream.<init>(FileInputStream.java:111)
at stepdefinition.Hooks.driversetup(Hooks.java:35)
]]>
    </failure>
  </testcase> <!-- runScenario -->
  <testcase classname="io.cucumber.testng.AbstractTestNGCucumberTests" name="runScenario" time="0.025">
    <failure type="java.io.FileNotFoundException" message="C:\Users\amitf\eclipse-workspace\Ds-algo\src\test\java\stepdefinition\ConfigProperties.properties (The system cannot find the file specified)">
      <![CDATA[java.io.FileNotFoundException: C:\Users\amitf\eclipse-workspace\Ds-algo\src\test\java\stepdefinition\ConfigProperties.properties (The system cannot find the file specified)
at java.base/java.io.FileInputStream.open0(Native Method)
at java.base/java.io.FileInputStream.open(FileInputStream.java:216)
at java.base/java.io.FileInputStream.<init>(FileInputStream.java:157)
at java.base/java.io.FileInputStream.<init>(FileInputStream.java:111)
at stepdefinition.Hooks.driversetup(Hooks.java:35)
]]>
    </failure>
  </testcase> <!-- runScenario -->
  <testcase classname="io.cucumber.testng.AbstractTestNGCucumberTests" name="runScenario" time="0.021">
    <failure type="java.io.FileNotFoundException" message="C:\Users\amitf\eclipse-workspace\Ds-algo\src\test\java\stepdefinition\ConfigProperties.properties (The system cannot find the file specified)">
      <![CDATA[java.io.FileNotFoundException: C:\Users\amitf\eclipse-workspace\Ds-algo\src\test\java\stepdefinition\ConfigProperties.properties (The system cannot find the file specified)
at java.base/java.io.FileInputStream.open0(Native Method)
at java.base/java.io.FileInputStream.open(FileInputStream.java:216)
at java.base/java.io.FileInputStream.<init>(FileInputStream.java:157)
at java.base/java.io.FileInputStream.<init>(FileInputStream.java:111)
at stepdefinition.Hooks.driversetup(Hooks.java:35)
]]>
    </failure>
  </testcase> <!-- runScenario -->
  <testcase classname="io.cucumber.testng.AbstractTestNGCucumberTests" name="runScenario" time="0.026">
    <failure type="java.io.FileNotFoundException" message="C:\Users\amitf\eclipse-workspace\Ds-algo\src\test\java\stepdefinition\ConfigProperties.properties (The system cannot find the file specified)">
      <![CDATA[java.io.FileNotFoundException: C:\Users\amitf\eclipse-workspace\Ds-algo\src\test\java\stepdefinition\ConfigProperties.properties (The system cannot find the file specified)
at java.base/java.io.FileInputStream.open0(Native Method)
at java.base/java.io.FileInputStream.open(FileInputStream.java:216)
at java.base/java.io.FileInputStream.<init>(FileInputStream.java:157)
at java.base/java.io.FileInputStream.<init>(FileInputStream.java:111)
at stepdefinition.Hooks.driversetup(Hooks.java:35)
]]>
    </failure>
  </testcase> <!-- runScenario -->
  <testcase classname="io.cucumber.testng.AbstractTestNGCucumberTests" name="runScenario" time="0.04">
    <failure type="java.io.FileNotFoundException" message="C:\Users\amitf\eclipse-workspace\Ds-algo\src\test\java\stepdefinition\ConfigProperties.properties (The system cannot find the file specified)">
      <![CDATA[java.io.FileNotFoundException: C:\Users\amitf\eclipse-workspace\Ds-algo\src\test\java\stepdefinition\ConfigProperties.properties (The system cannot find the file specified)
at java.base/java.io.FileInputStream.open0(Native Method)
at java.base/java.io.FileInputStream.open(FileInputStream.java:216)
at java.base/java.io.FileInputStream.<init>(FileInputStream.java:157)
at java.base/java.io.FileInputStream.<init>(FileInputStream.java:111)
at stepdefinition.Hooks.driversetup(Hooks.java:35)
]]>
    </failure>
  </testcase> <!-- runScenario -->
</testsuite> <!-- Default test -->
